NotePad/app/build/outputs/logs/manifest-merger-debug-report.txt
-- Merging decision tree log ---
manifest
ADDED from src/main/AndroidManifest.xml:22:1-111:12
	package
		ADDED from src/main/AndroidManifest.xml:23:5-42
		INJECTED from src/main/AndroidManifest.xml
		INJECTED from src/main/AndroidManifest.xml
	xmlns:android
		ADDED from src/main/AndroidManifest.xml:22:11-69
application
ADDED from src/main/AndroidManifest.xml:25:5-108:19
MERGED from [com.android.support:appcompat-v7:25.1.0] AndroidManifest.xml:25:5-20
MERGED from [com.android.support:support-v4:25.1.0] AndroidManifest.xml:25:5-20
MERGED from [com.android.support:support-fragment:25.1.0] AndroidManifest.xml:25:5-20
MERGED from [com.android.support:support-media-compat:25.1.0] AndroidManifest.xml:25:5-20
MERGED from [com.android.support:support-core-ui:25.1.0] AndroidManifest.xml:25:5-20
MERGED from [com.android.support:support-core-utils:25.1.0] AndroidManifest.xml:25:5-20
MERGED from [com.android.support:animated-vector-drawable:25.1.0] AndroidManifest.xml:22:5-20
MERGED from [com.android.support:support-vector-drawable:25.1.0] AndroidManifest.xml:23:5-20
MERGED from [com.android.support:support-compat:25.1.0] AndroidManifest.xml:25:5-20
	android:label
		ADDED from src/main/AndroidManifest.xml:26:9-41
	android:icon
		ADDED from src/main/AndroidManifest.xml:25:18-52
provider#com.example.android.notepad.NotePadProvider
ADDED from src/main/AndroidManifest.xml:27:9-28:74
	android:authorities
		ADDED from src/main/AndroidManifest.xml:28:13-71
	android:name
		ADDED from src/main/AndroidManifest.xml:27:19-49
activity#com.example.android.notepad.NotesList
ADDED from src/main/AndroidManifest.xml:30:9-48:20
	android:label
		ADDED from src/main/AndroidManifest.xml:31:13-53
	android:name
		ADDED from src/main/AndroidManifest.xml:30:19-43
intent-filter#android.intent.action.MAIN+android.intent.category.LAUNCHER
ADDED from src/main/AndroidManifest.xml:32:13-35:29
action#android.intent.action.MAIN
ADDED from src/main/AndroidManifest.xml:33:17-69
	android:name
		ADDED from src/main/AndroidManifest.xml:33:25-66
category#android.intent.category.LAUNCHER
ADDED from src/main/AndroidManifest.xml:34:17-77
	android:name
		ADDED from src/main/AndroidManifest.xml:34:27-74
intent-filter#android.intent.action.EDIT+android.intent.action.PICK+android.intent.action.VIEW+android.intent.category.DEFAULT
ADDED from src/main/AndroidManifest.xml:36:13-42:29
action#android.intent.action.VIEW
ADDED from src/main/AndroidManifest.xml:37:17-69
	android:name
		ADDED from src/main/AndroidManifest.xml:37:25-66
action#android.intent.action.EDIT
ADDED from src/main/AndroidManifest.xml:38:17-69
	android:name
		ADDED from src/main/AndroidManifest.xml:38:25-66
action#android.intent.action.PICK
ADDED from src/main/AndroidManifest.xml:39:17-69
	android:name
		ADDED from src/main/AndroidManifest.xml:39:25-66
category#android.intent.category.DEFAULT
ADDED from src/main/AndroidManifest.xml:40:17-76
	android:name
		ADDED from src/main/AndroidManifest.xml:40:27-73
data
ADDED from src/main/AndroidManifest.xml:41:17-83
	android:mimeType
		ADDED from src/main/AndroidManifest.xml:41:23-80
intent-filter#android.intent.action.GET_CONTENT+android.intent.category.DEFAULT
ADDED from src/main/AndroidManifest.xml:43:13-47:29
action#android.intent.action.GET_CONTENT
ADDED from src/main/AndroidManifest.xml:44:17-76
	android:name
		ADDED from src/main/AndroidManifest.xml:44:25-73
activity#com.example.android.notepad.NoteEditor
ADDED from src/main/AndroidManifest.xml:50:9-71:20
	android:configChanges
		ADDED from src/main/AndroidManifest.xml:52:13-63
	android:theme
		ADDED from src/main/AndroidManifest.xml:51:13-55
	android:name
		ADDED from src/main/AndroidManifest.xml:50:19-44
intent-filter#android.intent.action.EDIT+android.intent.action.VIEW+android.intent.category.DEFAULT+com.android.notes.action.EDIT_NOTE
ADDED from src/main/AndroidManifest.xml:55:13-61:29
	android:label
		ADDED from src/main/AndroidManifest.xml:55:28-64
action#com.android.notes.action.EDIT_NOTE
ADDED from src/main/AndroidManifest.xml:58:17-77
	android:name
		ADDED from src/main/AndroidManifest.xml:58:25-74
intent-filter#android.intent.action.INSERT+android.intent.category.DEFAULT
ADDED from src/main/AndroidManifest.xml:65:13-69:29
action#android.intent.action.INSERT
ADDED from src/main/AndroidManifest.xml:66:17-71
	android:name
		ADDED from src/main/AndroidManifest.xml:66:25-68
activity#com.example.android.notepad.TitleEditor
ADDED from src/main/AndroidManifest.xml:73:9-98:20
	android:label
		ADDED from src/main/AndroidManifest.xml:74:13-53
	android:windowSoftInputMode
		ADDED from src/main/AndroidManifest.xml:77:13-55
	android:icon
		ADDED from src/main/AndroidManifest.xml:76:13-50
	android:theme
		ADDED from src/main/AndroidManifest.xml:75:13-56
	android:name
		ADDED from src/main/AndroidManifest.xml:73:19-45
intent-filter#android.intent.category.ALTERNATIVE+android.intent.category.DEFAULT+android.intent.category.SELECTED_ALTERNATIVE+com.android.notepad.action.EDIT_TITLE
ADDED from src/main/AndroidManifest.xml:82:13-97:29
	android:label
		ADDED from src/main/AndroidManifest.xml:82:28-65
action#com.android.notepad.action.EDIT_TITLE
ADDED from src/main/AndroidManifest.xml:86:17-80
	android:name
		ADDED from src/main/AndroidManifest.xml:86:25-77
category#android.intent.category.ALTERNATIVE
ADDED from src/main/AndroidManifest.xml:91:17-80
	android:name
		ADDED from src/main/AndroidManifest.xml:91:27-77
category#android.intent.category.SELECTED_ALTERNATIVE
ADDED from src/main/AndroidManifest.xml:94:17-89
	android:name
		ADDED from src/main/AndroidManifest.xml:94:27-86
activity#com.example.android.notepad.NotesLiveFolder
ADDED from src/main/AndroidManifest.xml:100:9-106:20
	android:label
		ADDED from src/main/AndroidManifest.xml:100:50-90
	android:icon
		ADDED from src/main/AndroidManifest.xml:101:13-55
	android:name
		ADDED from src/main/AndroidManifest.xml:100:19-49
intent-filter#android.intent.action.CREATE_LIVE_FOLDER+android.intent.category.DEFAULT
ADDED from src/main/AndroidManifest.xml:102:13-105:29
action#android.intent.action.CREATE_LIVE_FOLDER
ADDED from src/main/AndroidManifest.xml:103:17-83
	android:name
		ADDED from src/main/AndroidManifest.xml:103:25-80
uses-permission#android.permission.WRITE_EXTERNAL_STORAGE
ADDED from src/main/AndroidManifest.xml:109:2-77
	android:name
		ADDED from src/main/AndroidManifest.xml:109:19-75
uses-sdk
ADDED from src/main/AndroidManifest.xml:110:5-42
MERGED from [com.android.support:appcompat-v7:25.1.0] AndroidManifest.xml:21:5-23:78
MERGED from [com.android.support:support-v4:25.1.0] AndroidManifest.xml:21:5-23:54
MERGED from [com.android.support:support-fragment:25.1.0] AndroidManifest.xml:21:5-23:60
MERGED from [com.android.support:support-media-compat:25.1.0] AndroidManifest.xml:21:5-23:63
MERGED from [com.android.support:support-core-ui:25.1.0] AndroidManifest.xml:21:5-23:58
MERGED from [com.android.support:support-core-utils:25.1.0] AndroidManifest.xml:21:5-23:61
MERGED from [com.android.support:animated-vector-drawable:25.1.0] AndroidManifest.xml:20:5-44
MERGED from [com.android.support:support-vector-drawable:25.1.0] AndroidManifest.xml:21:5-43
MERGED from [com.android.support:support-compat:25.1.0] AndroidManifest.xml:21:5-23:58
	tools:overrideLibrary
		ADDED from [com.android.support:appcompat-v7:25.1.0] AndroidManifest.xml:23:9-75
	android:targetSdkVersion
		INJECTED from src/main/AndroidManifest.xml
		INJECTED from src/main/AndroidManifest.xml
	android:minSdkVersion
		ADDED from src/main/AndroidManifest.xml:110:15-40
		INJECTED from src/main/AndroidManifest.xml
		INJECTED from src/main/AndroidManifest.xml